23:18:02 [Info] +開始：I/Oパス定義
23:18:03 [Info] 開始：前処理
23:18:03 [Info] +開始：入力ファイル数チェック
23:18:03 [Info] +開始：入力ファイルパターンチェック
23:18:03 [Info] +開始：出力フォルダファイル数チェック
23:18:03 [Info] 終了：前処理
23:18:03 [Info] 開始：Process_01
23:18:03 [Info] +開始：SubProcess_01_01
23:18:03 [Info] +終了：SubProcess_01_01
23:18:03 [Info] +開始：SubProcess_01_02
23:18:03 [Info] +終了：SubProcess_01_02
23:18:03 [Info] 終了：Process_01
23:18:03 [Info] 開始：Process_02
23:18:03 [Info] +開始：SubProcess_02_01
23:18:03 [Info] +終了：SubProcess_02_01
23:18:03 [Info] +開始：SubProcess_02_02
23:18:03 [Info] +終了：SubProcess_02_02
23:18:03 [Info] 終了：Process_02
23:18:03 [Info] 開始：後処理
23:18:03 [Info] 終了：後処理
